<?xml version="1.0" encoding="UTF-8"?>
<!-- Generated by org.testng.reporters.JUnitReportReporter -->
<testsuite hostname="JAVA" name="code.SeleniumClass" tests="1" failures="0" timestamp="17 Sep 2014 04:53:29 GMT" time="77.221" errors="0">
  <testcase name="mainTest" time="77.221" classname="code.SeleniumClass"/>
</testsuite> <!-- code.SeleniumClass -->
